<?xml version="1.0" encoding="UTF-8"?>
<!-- Generated by org.testng.reporters.JUnitReportReporter -->
<testsuite hostname="ILDPUNLAP0290" failures="0" tests="1" name="Infy.SeleniumProject.Search" time="5.833" errors="0" timestamp="2025-03-25T22:56:24 IST" skipped="0">
  <testcase classname="Infy.SeleniumProject.Search" name="verifySearchValidProduct" time="5.833"/>
  <system-out/>
</testsuite> <!-- Infy.SeleniumProject.Search -->
