<?xml version="1.0" encoding="UTF-8"?>
<!-- Generated by org.testng.reporters.JUnitReportReporter -->
<testsuite hostname="ILDPUNLAP0290" failures="0" tests="3" name="Infy.SeleniumProject.Register" time="22.383" errors="0" timestamp="2025-03-25T22:56:24 IST" skipped="0">
  <testcase classname="Infy.SeleniumProject.Register" name="registerlogin" time="8.189"/>
  <system-out/>
  <testcase classname="Infy.SeleniumProject.Register" name="ValidateExixting" time="7.821"/>
  <system-out/>
  <testcase classname="Infy.SeleniumProject.Register" name="registerWithoutDEtails" time="6.373"/>
  <system-out/>
</testsuite> <!-- Infy.SeleniumProject.Register -->
