<?xml version="1.0" encoding="UTF-8"?>
<!-- Generated by org.testng.reporters.JUnitReportReporter -->
<testsuite hostname="ILDPUNLAP0290" failures="0" tests="3" name="Infy.SeleniumProject.RegisterTest" time="19.902" errors="0" timestamp="2025-04-03T23:03:07 IST" skipped="0">
  <testcase classname="Infy.SeleniumProject.RegisterTest" name="registerWithoutDEtails" time="5.918"/>
  <system-out/>
  <testcase classname="Infy.SeleniumProject.RegisterTest" name="registerlogin" time="7.351"/>
  <system-out/>
  <testcase classname="Infy.SeleniumProject.RegisterTest" name="ValidateExixting" time="6.633"/>
  <system-out/>
</testsuite> <!-- Infy.SeleniumProject.RegisterTest -->
