<?xml version="1.0" encoding="UTF-8"?>
<!-- Generated by org.testng.reporters.JUnitReportReporter -->
<testsuite hostname="ILDPUNLAP0290" failures="0" tests="1" name="Infy.SeleniumProject.Search" time="6.476" errors="0" timestamp="2025-03-29T12:34:09 IST" skipped="0">
  <testcase classname="Infy.SeleniumProject.Search" name="verifySearchValidProduct" time="6.476"/>
  <system-out/>
</testsuite> <!-- Infy.SeleniumProject.Search -->
