<?xml version="1.0" encoding="UTF-8"?>
<!-- Generated by org.testng.reporters.JUnitReportReporter -->
<testsuite hostname="ILDPUNLAP0290" failures="0" tests="3" name="Infy.SeleniumProject.Register" time="22.285" errors="0" timestamp="2025-03-29T12:34:09 IST" skipped="0">
  <testcase classname="Infy.SeleniumProject.Register" name="registerlogin" time="7.248"/>
  <system-out/>
  <testcase classname="Infy.SeleniumProject.Register" name="ValidateExixting" time="7.964"/>
  <system-out/>
  <testcase classname="Infy.SeleniumProject.Register" name="registerWithoutDEtails" time="7.073"/>
  <system-out/>
</testsuite> <!-- Infy.SeleniumProject.Register -->
