<?xml version="1.0" encoding="UTF-8"?>
<!-- Generated by org.testng.reporters.JUnitReportReporter -->
<testsuite hostname="ILDPUNLAP0290" failures="0" tests="1" name="Infy.SeleniumProject.SearchTest" time="4.853" errors="0" timestamp="2025-04-03T23:03:07 IST" skipped="0">
  <testcase classname="Infy.SeleniumProject.SearchTest" name="verifySearchValidProduct" time="4.853"/>
  <system-out/>
</testsuite> <!-- Infy.SeleniumProject.SearchTest -->
